file:///home/rdilyydn/Project/index.js:1
var http = require('http');
           ^

ReferenceError: require is not defined
    at file:///home/rdilyydn/Project/index.js:1:12
    at ModuleJobSync.runSync (node:internal/modules/esm/module_job:395:35)
    at ModuleLoader.importSyncForRequire (node:internal/modules/esm/loader:360:47)
    at loadESMFromCJS (node:internal/modules/cjs/loader:1385:24)
    at Module._compile (node:internal/modules/cjs/loader:1536:5)
    at Module._extensions..js (node:internal/modules/cjs/loader:1706:10)
    at Module.load (node:internal/modules/cjs/loader:1289:32)
    at Module._load (node:internal/modules/cjs/loader:1108:12)
    at TracingChannel.traceSync (node:diagnostics_channel:322:14)
    at wrapModuleLoad (node:internal/modules/cjs/loader:220:24)

Node.js v22.14.0
file:///home/rdilyydn/Project/index.js:1
var http = require('http');
           ^

ReferenceError: require is not defined
    at file:///home/rdilyydn/Project/index.js:1:12
    at ModuleJobSync.runSync (node:internal/modules/esm/module_job:395:35)
    at ModuleLoader.importSyncForRequire (node:internal/modules/esm/loader:360:47)
    at loadESMFromCJS (node:internal/modules/cjs/loader:1385:24)
    at Module._compile (node:internal/modules/cjs/loader:1536:5)
    at Module._extensions..js (node:internal/modules/cjs/loader:1706:10)
    at Module.load (node:internal/modules/cjs/loader:1289:32)
    at Module._load (node:internal/modules/cjs/loader:1108:12)
    at TracingChannel.traceSync (node:diagnostics_channel:322:14)
    at wrapModuleLoad (node:internal/modules/cjs/loader:220:24)

Node.js v22.14.0
file:///home/rdilyydn/Project/index.js:1
var http = require('http');
           ^

ReferenceError: require is not defined
    at file:///home/rdilyydn/Project/index.js:1:12
    at ModuleJobSync.runSync (node:internal/modules/esm/module_job:395:35)
    at ModuleLoader.importSyncForRequire (node:internal/modules/esm/loader:360:47)
    at loadESMFromCJS (node:internal/modules/cjs/loader:1385:24)
    at Module._compile (node:internal/modules/cjs/loader:1536:5)
    at Module._extensions..js (node:internal/modules/cjs/loader:1706:10)
    at Module.load (node:internal/modules/cjs/loader:1289:32)
    at Module._load (node:internal/modules/cjs/loader:1108:12)
    at TracingChannel.traceSync (node:diagnostics_channel:322:14)
    at wrapModuleLoad (node:internal/modules/cjs/loader:220:24)

Node.js v22.14.0
file:///home/rdilyydn/Project/index.js:1
var http = require('http');
           ^

ReferenceError: require is not defined
    at file:///home/rdilyydn/Project/index.js:1:12
    at ModuleJobSync.runSync (node:internal/modules/esm/module_job:395:35)
    at ModuleLoader.importSyncForRequire (node:internal/modules/esm/loader:360:47)
    at loadESMFromCJS (node:internal/modules/cjs/loader:1385:24)
    at Module._compile (node:internal/modules/cjs/loader:1536:5)
    at Module._extensions..js (node:internal/modules/cjs/loader:1706:10)
    at Module.load (node:internal/modules/cjs/loader:1289:32)
    at Module._load (node:internal/modules/cjs/loader:1108:12)
    at TracingChannel.traceSync (node:diagnostics_channel:322:14)
    at wrapModuleLoad (node:internal/modules/cjs/loader:220:24)

Node.js v22.14.0
file:///home/rdilyydn/Project/index.js:1
var http = require('http');
           ^

ReferenceError: require is not defined
    at file:///home/rdilyydn/Project/index.js:1:12
    at ModuleJobSync.runSync (node:internal/modules/esm/module_job:395:35)
    at ModuleLoader.importSyncForRequire (node:internal/modules/esm/loader:360:47)
    at loadESMFromCJS (node:internal/modules/cjs/loader:1385:24)
    at Module._compile (node:internal/modules/cjs/loader:1536:5)
    at Module._extensions..js (node:internal/modules/cjs/loader:1706:10)
    at Module.load (node:internal/modules/cjs/loader:1289:32)
    at Module._load (node:internal/modules/cjs/loader:1108:12)
    at TracingChannel.traceSync (node:diagnostics_channel:322:14)
    at wrapModuleLoad (node:internal/modules/cjs/loader:220:24)

Node.js v22.14.0
file:///home/rdilyydn/Project/index.js:1
var http = require('http');
           ^

ReferenceError: require is not defined
    at file:///home/rdilyydn/Project/index.js:1:12
    at ModuleJobSync.runSync (node:internal/modules/esm/module_job:395:35)
    at ModuleLoader.importSyncForRequire (node:internal/modules/esm/loader:360:47)
    at loadESMFromCJS (node:internal/modules/cjs/loader:1385:24)
    at Module._compile (node:internal/modules/cjs/loader:1536:5)
    at Module._extensions..js (node:internal/modules/cjs/loader:1706:10)
    at Module.load (node:internal/modules/cjs/loader:1289:32)
    at Module._load (node:internal/modules/cjs/loader:1108:12)
    at TracingChannel.traceSync (node:diagnostics_channel:322:14)
    at wrapModuleLoad (node:internal/modules/cjs/loader:220:24)

Node.js v22.14.0
file:///home/rdilyydn/Project/index.js:1
var http = require('http');
           ^

ReferenceError: require is not defined
    at file:///home/rdilyydn/Project/index.js:1:12
    at ModuleJobSync.runSync (node:internal/modules/esm/module_job:395:35)
    at ModuleLoader.importSyncForRequire (node:internal/modules/esm/loader:360:47)
    at loadESMFromCJS (node:internal/modules/cjs/loader:1385:24)
    at Module._compile (node:internal/modules/cjs/loader:1536:5)
    at Module._extensions..js (node:internal/modules/cjs/loader:1706:10)
    at Module.load (node:internal/modules/cjs/loader:1289:32)
    at Module._load (node:internal/modules/cjs/loader:1108:12)
    at TracingChannel.traceSync (node:diagnostics_channel:322:14)
    at wrapModuleLoad (node:internal/modules/cjs/loader:220:24)

Node.js v22.14.0
file:///home/rdilyydn/Project/index.js:1
var http = require('http');
           ^

ReferenceError: require is not defined
    at file:///home/rdilyydn/Project/index.js:1:12
    at ModuleJobSync.runSync (node:internal/modules/esm/module_job:395:35)
    at ModuleLoader.importSyncForRequire (node:internal/modules/esm/loader:360:47)
    at loadESMFromCJS (node:internal/modules/cjs/loader:1385:24)
    at Module._compile (node:internal/modules/cjs/loader:1536:5)
    at Module._extensions..js (node:internal/modules/cjs/loader:1706:10)
    at Module.load (node:internal/modules/cjs/loader:1289:32)
    at Module._load (node:internal/modules/cjs/loader:1108:12)
    at TracingChannel.traceSync (node:diagnostics_channel:322:14)
    at wrapModuleLoad (node:internal/modules/cjs/loader:220:24)

Node.js v22.14.0
file:///home/rdilyydn/Project/index.js:1
var http = require('http');
           ^

ReferenceError: require is not defined
    at file:///home/rdilyydn/Project/index.js:1:12
    at ModuleJobSync.runSync (node:internal/modules/esm/module_job:395:35)
    at ModuleLoader.importSyncForRequire (node:internal/modules/esm/loader:360:47)
    at loadESMFromCJS (node:internal/modules/cjs/loader:1385:24)
    at Module._compile (node:internal/modules/cjs/loader:1536:5)
    at Module._extensions..js (node:internal/modules/cjs/loader:1706:10)
    at Module.load (node:internal/modules/cjs/loader:1289:32)
    at Module._load (node:internal/modules/cjs/loader:1108:12)
    at TracingChannel.traceSync (node:diagnostics_channel:322:14)
    at wrapModuleLoad (node:internal/modules/cjs/loader:220:24)

Node.js v22.14.0
file:///home/rdilyydn/Project/index.js:1
var http = require('http');
           ^

ReferenceError: require is not defined
    at file:///home/rdilyydn/Project/index.js:1:12
    at ModuleJobSync.runSync (node:internal/modules/esm/module_job:395:35)
    at ModuleLoader.importSyncForRequire (node:internal/modules/esm/loader:360:47)
    at loadESMFromCJS (node:internal/modules/cjs/loader:1385:24)
    at Module._compile (node:internal/modules/cjs/loader:1536:5)
    at Module._extensions..js (node:internal/modules/cjs/loader:1706:10)
    at Module.load (node:internal/modules/cjs/loader:1289:32)
    at Module._load (node:internal/modules/cjs/loader:1108:12)
    at TracingChannel.traceSync (node:diagnostics_channel:322:14)
    at wrapModuleLoad (node:internal/modules/cjs/loader:220:24)

Node.js v22.14.0
file:///home/rdilyydn/Project/index.js:1
var http = require('http');
           ^

ReferenceError: require is not defined
    at file:///home/rdilyydn/Project/index.js:1:12
    at ModuleJobSync.runSync (node:internal/modules/esm/module_job:395:35)
    at ModuleLoader.importSyncForRequire (node:internal/modules/esm/loader:360:47)
    at loadESMFromCJS (node:internal/modules/cjs/loader:1385:24)
    at Module._compile (node:internal/modules/cjs/loader:1536:5)
    at Module._extensions..js (node:internal/modules/cjs/loader:1706:10)
    at Module.load (node:internal/modules/cjs/loader:1289:32)
    at Module._load (node:internal/modules/cjs/loader:1108:12)
    at TracingChannel.traceSync (node:diagnostics_channel:322:14)
    at wrapModuleLoad (node:internal/modules/cjs/loader:220:24)

Node.js v22.14.0
file:///home/rdilyydn/Project/index.js:1
var http = require('http');
           ^

ReferenceError: require is not defined
    at file:///home/rdilyydn/Project/index.js:1:12
    at ModuleJobSync.runSync (node:internal/modules/esm/module_job:395:35)
    at ModuleLoader.importSyncForRequire (node:internal/modules/esm/loader:360:47)
    at loadESMFromCJS (node:internal/modules/cjs/loader:1385:24)
    at Module._compile (node:internal/modules/cjs/loader:1536:5)
    at Module._extensions..js (node:internal/modules/cjs/loader:1706:10)
    at Module.load (node:internal/modules/cjs/loader:1289:32)
    at Module._load (node:internal/modules/cjs/loader:1108:12)
    at TracingChannel.traceSync (node:diagnostics_channel:322:14)
    at wrapModuleLoad (node:internal/modules/cjs/loader:220:24)

Node.js v22.14.0
file:///home/rdilyydn/Project/index.js:1
var http = require('http');
           ^

ReferenceError: require is not defined
    at file:///home/rdilyydn/Project/index.js:1:12
    at ModuleJobSync.runSync (node:internal/modules/esm/module_job:395:35)
    at ModuleLoader.importSyncForRequire (node:internal/modules/esm/loader:360:47)
    at loadESMFromCJS (node:internal/modules/cjs/loader:1385:24)
    at Module._compile (node:internal/modules/cjs/loader:1536:5)
    at Module._extensions..js (node:internal/modules/cjs/loader:1706:10)
    at Module.load (node:internal/modules/cjs/loader:1289:32)
    at Module._load (node:internal/modules/cjs/loader:1108:12)
    at TracingChannel.traceSync (node:diagnostics_channel:322:14)
    at wrapModuleLoad (node:internal/modules/cjs/loader:220:24)

Node.js v22.14.0
file:///home/rdilyydn/Project/index.js:1
var http = require('http');
           ^

ReferenceError: require is not defined
    at file:///home/rdilyydn/Project/index.js:1:12
    at ModuleJobSync.runSync (node:internal/modules/esm/module_job:395:35)
    at ModuleLoader.importSyncForRequire (node:internal/modules/esm/loader:360:47)
    at loadESMFromCJS (node:internal/modules/cjs/loader:1385:24)
    at Module._compile (node:internal/modules/cjs/loader:1536:5)
    at Module._extensions..js (node:internal/modules/cjs/loader:1706:10)
    at Module.load (node:internal/modules/cjs/loader:1289:32)
    at Module._load (node:internal/modules/cjs/loader:1108:12)
    at TracingChannel.traceSync (node:diagnostics_channel:322:14)
    at wrapModuleLoad (node:internal/modules/cjs/loader:220:24)

Node.js v22.14.0
file:///home/rdilyydn/Project/index.js:1
var http = require('http');
           ^

ReferenceError: require is not defined
    at file:///home/rdilyydn/Project/index.js:1:12
    at ModuleJobSync.runSync (node:internal/modules/esm/module_job:395:35)
    at ModuleLoader.importSyncForRequire (node:internal/modules/esm/loader:360:47)
    at loadESMFromCJS (node:internal/modules/cjs/loader:1385:24)
    at Module._compile (node:internal/modules/cjs/loader:1536:5)
    at Module._extensions..js (node:internal/modules/cjs/loader:1706:10)
    at Module.load (node:internal/modules/cjs/loader:1289:32)
    at Module._load (node:internal/modules/cjs/loader:1108:12)
    at TracingChannel.traceSync (node:diagnostics_channel:322:14)
    at wrapModuleLoad (node:internal/modules/cjs/loader:220:24)

Node.js v22.14.0
file:///home/rdilyydn/Project/index.js:1
var http = require('http');
           ^

ReferenceError: require is not defined
    at file:///home/rdilyydn/Project/index.js:1:12
    at ModuleJobSync.runSync (node:internal/modules/esm/module_job:395:35)
    at ModuleLoader.importSyncForRequire (node:internal/modules/esm/loader:360:47)
    at loadESMFromCJS (node:internal/modules/cjs/loader:1385:24)
    at Module._compile (node:internal/modules/cjs/loader:1536:5)
    at Module._extensions..js (node:internal/modules/cjs/loader:1706:10)
    at Module.load (node:internal/modules/cjs/loader:1289:32)
    at Module._load (node:internal/modules/cjs/loader:1108:12)
    at TracingChannel.traceSync (node:diagnostics_channel:322:14)
    at wrapModuleLoad (node:internal/modules/cjs/loader:220:24)

Node.js v22.14.0
file:///home/rdilyydn/Project/index.js:1
var http = require('http');
           ^

ReferenceError: require is not defined
    at file:///home/rdilyydn/Project/index.js:1:12
    at ModuleJobSync.runSync (node:internal/modules/esm/module_job:395:35)
    at ModuleLoader.importSyncForRequire (node:internal/modules/esm/loader:360:47)
    at loadESMFromCJS (node:internal/modules/cjs/loader:1385:24)
    at Module._compile (node:internal/modules/cjs/loader:1536:5)
    at Module._extensions..js (node:internal/modules/cjs/loader:1706:10)
    at Module.load (node:internal/modules/cjs/loader:1289:32)
    at Module._load (node:internal/modules/cjs/loader:1108:12)
    at TracingChannel.traceSync (node:diagnostics_channel:322:14)
    at wrapModuleLoad (node:internal/modules/cjs/loader:220:24)

Node.js v22.14.0
file:///home/rdilyydn/Project/index.js:1
var http = require('http');
           ^

ReferenceError: require is not defined
    at file:///home/rdilyydn/Project/index.js:1:12
    at ModuleJobSync.runSync (node:internal/modules/esm/module_job:395:35)
    at ModuleLoader.importSyncForRequire (node:internal/modules/esm/loader:360:47)
    at loadESMFromCJS (node:internal/modules/cjs/loader:1385:24)
    at Module._compile (node:internal/modules/cjs/loader:1536:5)
    at Module._extensions..js (node:internal/modules/cjs/loader:1706:10)
    at Module.load (node:internal/modules/cjs/loader:1289:32)
    at Module._load (node:internal/modules/cjs/loader:1108:12)
    at TracingChannel.traceSync (node:diagnostics_channel:322:14)
    at wrapModuleLoad (node:internal/modules/cjs/loader:220:24)

Node.js v22.14.0
file:///home/rdilyydn/Project/index.js:1
var http = require('http');
           ^

ReferenceError: require is not defined
    at file:///home/rdilyydn/Project/index.js:1:12
    at ModuleJobSync.runSync (node:internal/modules/esm/module_job:395:35)
    at ModuleLoader.importSyncForRequire (node:internal/modules/esm/loader:360:47)
    at loadESMFromCJS (node:internal/modules/cjs/loader:1385:24)
    at Module._compile (node:internal/modules/cjs/loader:1536:5)
    at Module._extensions..js (node:internal/modules/cjs/loader:1706:10)
    at Module.load (node:internal/modules/cjs/loader:1289:32)
    at Module._load (node:internal/modules/cjs/loader:1108:12)
    at TracingChannel.traceSync (node:diagnostics_channel:322:14)
    at wrapModuleLoad (node:internal/modules/cjs/loader:220:24)

Node.js v22.14.0
file:///home/rdilyydn/Project/index.js:1
var http = require('http');
           ^

ReferenceError: require is not defined
    at file:///home/rdilyydn/Project/index.js:1:12
    at ModuleJobSync.runSync (node:internal/modules/esm/module_job:395:35)
    at ModuleLoader.importSyncForRequire (node:internal/modules/esm/loader:360:47)
    at loadESMFromCJS (node:internal/modules/cjs/loader:1385:24)
    at Module._compile (node:internal/modules/cjs/loader:1536:5)
    at Module._extensions..js (node:internal/modules/cjs/loader:1706:10)
    at Module.load (node:internal/modules/cjs/loader:1289:32)
    at Module._load (node:internal/modules/cjs/loader:1108:12)
    at TracingChannel.traceSync (node:diagnostics_channel:322:14)
    at wrapModuleLoad (node:internal/modules/cjs/loader:220:24)

Node.js v22.14.0
file:///home/rdilyydn/Project/index.js:1
var http = require('http');
           ^

ReferenceError: require is not defined
    at file:///home/rdilyydn/Project/index.js:1:12
    at ModuleJobSync.runSync (node:internal/modules/esm/module_job:395:35)
    at ModuleLoader.importSyncForRequire (node:internal/modules/esm/loader:360:47)
    at loadESMFromCJS (node:internal/modules/cjs/loader:1385:24)
    at Module._compile (node:internal/modules/cjs/loader:1536:5)
    at Module._extensions..js (node:internal/modules/cjs/loader:1706:10)
    at Module.load (node:internal/modules/cjs/loader:1289:32)
    at Module._load (node:internal/modules/cjs/loader:1108:12)
    at TracingChannel.traceSync (node:diagnostics_channel:322:14)
    at wrapModuleLoad (node:internal/modules/cjs/loader:220:24)

Node.js v22.14.0
file:///home/rdilyydn/Project/index.js:1
var http = require('http');
           ^

ReferenceError: require is not defined
    at file:///home/rdilyydn/Project/index.js:1:12
    at ModuleJobSync.runSync (node:internal/modules/esm/module_job:395:35)
    at ModuleLoader.importSyncForRequire (node:internal/modules/esm/loader:360:47)
    at loadESMFromCJS (node:internal/modules/cjs/loader:1385:24)
    at Module._compile (node:internal/modules/cjs/loader:1536:5)
    at Module._extensions..js (node:internal/modules/cjs/loader:1706:10)
    at Module.load (node:internal/modules/cjs/loader:1289:32)
    at Module._load (node:internal/modules/cjs/loader:1108:12)
    at TracingChannel.traceSync (node:diagnostics_channel:322:14)
    at wrapModuleLoad (node:internal/modules/cjs/loader:220:24)

Node.js v22.14.0
file:///home/rdilyydn/Project/index.js:1
var http = require('http');
           ^

ReferenceError: require is not defined
    at file:///home/rdilyydn/Project/index.js:1:12
    at ModuleJobSync.runSync (node:internal/modules/esm/module_job:395:35)
    at ModuleLoader.importSyncForRequire (node:internal/modules/esm/loader:360:47)
    at loadESMFromCJS (node:internal/modules/cjs/loader:1385:24)
    at Module._compile (node:internal/modules/cjs/loader:1536:5)
    at Module._extensions..js (node:internal/modules/cjs/loader:1706:10)
    at Module.load (node:internal/modules/cjs/loader:1289:32)
    at Module._load (node:internal/modules/cjs/loader:1108:12)
    at TracingChannel.traceSync (node:diagnostics_channel:322:14)
    at wrapModuleLoad (node:internal/modules/cjs/loader:220:24)

Node.js v22.14.0
file:///home/rdilyydn/Project/index.js:1
var http = require('http');
           ^

ReferenceError: require is not defined
    at file:///home/rdilyydn/Project/index.js:1:12
    at ModuleJobSync.runSync (node:internal/modules/esm/module_job:395:35)
    at ModuleLoader.importSyncForRequire (node:internal/modules/esm/loader:360:47)
    at loadESMFromCJS (node:internal/modules/cjs/loader:1385:24)
    at Module._compile (node:internal/modules/cjs/loader:1536:5)
    at Module._extensions..js (node:internal/modules/cjs/loader:1706:10)
    at Module.load (node:internal/modules/cjs/loader:1289:32)
    at Module._load (node:internal/modules/cjs/loader:1108:12)
    at TracingChannel.traceSync (node:diagnostics_channel:322:14)
    at wrapModuleLoad (node:internal/modules/cjs/loader:220:24)

Node.js v22.14.0
file:///home/rdilyydn/Project/index.js:1
var http = require('http');
           ^

ReferenceError: require is not defined
    at file:///home/rdilyydn/Project/index.js:1:12
    at ModuleJobSync.runSync (node:internal/modules/esm/module_job:395:35)
    at ModuleLoader.importSyncForRequire (node:internal/modules/esm/loader:360:47)
    at loadESMFromCJS (node:internal/modules/cjs/loader:1385:24)
    at Module._compile (node:internal/modules/cjs/loader:1536:5)
    at Module._extensions..js (node:internal/modules/cjs/loader:1706:10)
    at Module.load (node:internal/modules/cjs/loader:1289:32)
    at Module._load (node:internal/modules/cjs/loader:1108:12)
    at TracingChannel.traceSync (node:diagnostics_channel:322:14)
    at wrapModuleLoad (node:internal/modules/cjs/loader:220:24)

Node.js v22.14.0
file:///home/rdilyydn/Project/index.js:1
var http = require('http');
           ^

ReferenceError: require is not defined
    at file:///home/rdilyydn/Project/index.js:1:12
    at ModuleJobSync.runSync (node:internal/modules/esm/module_job:395:35)
    at ModuleLoader.importSyncForRequire (node:internal/modules/esm/loader:360:47)
    at loadESMFromCJS (node:internal/modules/cjs/loader:1385:24)
    at Module._compile (node:internal/modules/cjs/loader:1536:5)
    at Module._extensions..js (node:internal/modules/cjs/loader:1706:10)
    at Module.load (node:internal/modules/cjs/loader:1289:32)
    at Module._load (node:internal/modules/cjs/loader:1108:12)
    at TracingChannel.traceSync (node:diagnostics_channel:322:14)
    at wrapModuleLoad (node:internal/modules/cjs/loader:220:24)

Node.js v22.14.0
file:///home/rdilyydn/Project/index.js:1
var http = require('http');
           ^

ReferenceError: require is not defined
    at file:///home/rdilyydn/Project/index.js:1:12
    at ModuleJobSync.runSync (node:internal/modules/esm/module_job:395:35)
    at ModuleLoader.importSyncForRequire (node:internal/modules/esm/loader:360:47)
    at loadESMFromCJS (node:internal/modules/cjs/loader:1385:24)
    at Module._compile (node:internal/modules/cjs/loader:1536:5)
    at Module._extensions..js (node:internal/modules/cjs/loader:1706:10)
    at Module.load (node:internal/modules/cjs/loader:1289:32)
    at Module._load (node:internal/modules/cjs/loader:1108:12)
    at TracingChannel.traceSync (node:diagnostics_channel:322:14)
    at wrapModuleLoad (node:internal/modules/cjs/loader:220:24)

Node.js v22.14.0
file:///home/rdilyydn/Project/index.js:1
var http = require('http');
           ^

ReferenceError: require is not defined
    at file:///home/rdilyydn/Project/index.js:1:12
    at ModuleJobSync.runSync (node:internal/modules/esm/module_job:395:35)
    at ModuleLoader.importSyncForRequire (node:internal/modules/esm/loader:360:47)
    at loadESMFromCJS (node:internal/modules/cjs/loader:1385:24)
    at Module._compile (node:internal/modules/cjs/loader:1536:5)
    at Module._extensions..js (node:internal/modules/cjs/loader:1706:10)
    at Module.load (node:internal/modules/cjs/loader:1289:32)
    at Module._load (node:internal/modules/cjs/loader:1108:12)
    at TracingChannel.traceSync (node:diagnostics_channel:322:14)
    at wrapModuleLoad (node:internal/modules/cjs/loader:220:24)

Node.js v22.14.0
file:///home/rdilyydn/Project/index.js:1
var http = require('http');
           ^

ReferenceError: require is not defined
    at file:///home/rdilyydn/Project/index.js:1:12
    at ModuleJobSync.runSync (node:internal/modules/esm/module_job:395:35)
    at ModuleLoader.importSyncForRequire (node:internal/modules/esm/loader:360:47)
    at loadESMFromCJS (node:internal/modules/cjs/loader:1385:24)
    at Module._compile (node:internal/modules/cjs/loader:1536:5)
    at Module._extensions..js (node:internal/modules/cjs/loader:1706:10)
    at Module.load (node:internal/modules/cjs/loader:1289:32)
    at Module._load (node:internal/modules/cjs/loader:1108:12)
    at TracingChannel.traceSync (node:diagnostics_channel:322:14)
    at wrapModuleLoad (node:internal/modules/cjs/loader:220:24)

Node.js v22.14.0
